<?xml version="1.0" encoding="UTF-8"?>
<!-- Generated by org.testng.reporters.JUnitXMLReporter -->
<testsuite ignored="1" hostname="DESKTOP-BHK0E0K" failures="1" tests="9" name="Test" time="6.93" errors="0" timestamp="2023-06-19T10:50:28 IST">
  <testcase classname="com.testcase.TC_01_GetUsers_Test" name="testResponseBody" time="0.121"/>
  <testcase classname="com.testcase.TC_01_GetUsers_Test" name="testResponseTime" time="0.049">
    <failure type="java.lang.AssertionError" message="expected [true] but found [false]">
      <![CDATA[java.lang.AssertionError: expected [true] but found [false]
at com.testcase.TC_01_GetUsers_Test.testResponseTime(TC_01_GetUsers_Test.java:62)
at java.base/java.util.ArrayList.forEach(ArrayList.java:1511)
... Removed 29 stack frames]]>
    </failure>
  </testcase> <!-- testResponseTime -->
  <testcase classname="com.testcase.TC_01_GetUsers_Test" name="testStatusCode" time="0.031"/>
  <testcase classname="com.testcase.TC_01_GetUsers_Test" name="testStatusLine" time="0.029"/>
  <testcase classname="com.testcase.TC_02_GetSingleUserDetails$TC01_GetUser_Test" name="testContentType" time="0.007"/>
  <testcase classname="com.testcase.TC_02_GetSingleUserDetails$TC01_GetUser_Test" name="testResponseBody" time="0.01"/>
  <testcase classname="com.testcase.TC_02_GetSingleUserDetails$TC01_GetUser_Test" name="testServerType" time="0.009"/>
  <testcase classname="com.testcase.TC_02_GetSingleUserDetails$TC01_GetUser_Test" name="testStatusCode" time="0.007"/>
  <testcase classname="com.testcase.TC_02_GetSingleUserDetails$TC01_GetUser_Test" name="testStatusLine" time="0.007"/>
  <testcase classname="com.testcase.TC_02_GetSingleUserDetails$TC01_GetUser_Test" name="testResponseTime" time="0.0">
    <ignored/>
  </testcase> <!-- testResponseTime -->
</testsuite> <!-- Test -->
