<?xml version="1.0" encoding="UTF-8"?>
<!-- Generated by org.testng.reporters.JUnitXMLReporter -->
<testsuite ignored="1" hostname="DESKTOP-BHK0E0K" failures="0" tests="5" name="Default test" time="6.741" errors="0" timestamp="2023-06-16T16:17:14 IST">
  <testcase classname="com.testcase.TC_02_GetSingleUserDetails$TC01_GetUser_Test" name="testContentType" time="0.048"/>
  <testcase classname="com.testcase.TC_02_GetSingleUserDetails$TC01_GetUser_Test" name="testResponseBody" time="0.112"/>
  <testcase classname="com.testcase.TC_02_GetSingleUserDetails$TC01_GetUser_Test" name="testServerType" time="0.013"/>
  <testcase classname="com.testcase.TC_02_GetSingleUserDetails$TC01_GetUser_Test" name="testStatusCode" time="0.012"/>
  <testcase classname="com.testcase.TC_02_GetSingleUserDetails$TC01_GetUser_Test" name="testStatusLine" time="0.018"/>
  <testcase classname="com.testcase.TC_02_GetSingleUserDetails$TC01_GetUser_Test" name="testResponseTime" time="0.0">
    <ignored/>
  </testcase> <!-- testResponseTime -->
</testsuite> <!-- Default test -->
